c:\users\mpt\source\repos\battle\debug\vc141.pdb
c:\users\mpt\source\repos\battle\debug\vc141.idb
c:\users\mpt\source\repos\battle\debug\armor.obj
c:\users\mpt\source\repos\battle\debug\main.obj
c:\users\mpt\source\repos\battle\debug\object.obj
c:\users\mpt\source\repos\battle\debug\point2d.obj
c:\users\mpt\source\repos\battle\debug\soldier.obj
c:\users\mpt\source\repos\battle\debug\solid.obj
c:\users\mpt\source\repos\battle\debug\solidarg.obj
c:\users\mpt\source\repos\battle\debug\weapon.obj
c:\users\mpt\source\repos\battle\debug\weaponarg.obj
c:\users\mpt\source\repos\battle\debug\game.obj
c:\users\mpt\source\repos\battle\debug\project1.ilk
c:\users\mpt\source\repos\battle\debug\vc140.idb
c:\users\mpt\source\repos\battle\debug\project1.pdb
c:\users\mpt\source\repos\battle\debug\vc140.pdb
c:\users\mpt\source\repos\battle\debug\project1.exe
c:\users\mpt\source\repos\battle\debug\project1.tlog\cl.command.1.tlog
c:\users\mpt\source\repos\battle\debug\project1.tlog\cl.read.1.tlog
c:\users\mpt\source\repos\battle\debug\project1.tlog\cl.write.1.tlog
c:\users\mpt\source\repos\battle\debug\project1.tlog\link.command.1.tlog
c:\users\mpt\source\repos\battle\debug\project1.tlog\link.read.1.tlog
c:\users\mpt\source\repos\battle\debug\project1.tlog\link.write.1.tlog
